<?xml version="1.0" encoding="UTF-8"?>
<!-- Generated by org.testng.reporters.JUnitReportReporter -->
<testsuite hostname="HASSEN-HP" failures="0" tests="2" name="org.tmb.tests.LoginpageTests" time="46.184" errors="0" timestamp="2022-08-26T11:38:08 EDT" skipped="0">
  <testcase classname="org.tmb.tests.LoginpageTests" name="test1" time="27.848"/>
  <system-out/>
  <testcase classname="org.tmb.tests.LoginpageTests" name="test2" time="18.336"/>
  <system-out/>
</testsuite> <!-- org.tmb.tests.LoginpageTests -->
