<?xml version="1.0" encoding="UTF-8"?>
<!-- Generated by org.testng.reporters.JUnitReportReporter -->
<testsuite hostname="HASSEN-HP" failures="0" tests="2" name="com.tmb.dataprovider.DataProviderWithJson" time="0.018" errors="0" timestamp="2022-08-29T18:38:14 EDT" skipped="0">
  <testcase classname="com.tmb.dataprovider.DataProviderWithJson" name="testDPWithJson" time="0.015"/>
  <system-out/>
  <testcase classname="com.tmb.dataprovider.DataProviderWithJson" name="testDPWithJson" time="0.003"/>
  <system-out/>
</testsuite> <!-- com.tmb.dataprovider.DataProviderWithJson -->
