<?xml version="1.0" encoding="UTF-8"?>
<!-- Generated by org.testng.reporters.JUnitReportReporter -->
<testsuite hostname="HASSEN-HP" failures="0" tests="1" name="com.tmb.tests.RunTestsInSelenoid" time="35.802" errors="0" timestamp="2022-09-22T11:31:06 EDT" skipped="0">
  <testcase classname="com.tmb.tests.RunTestsInSelenoid" name="test2" time="35.802"/>
  <system-out/>
</testsuite> <!-- com.tmb.tests.RunTestsInSelenoid -->
