<?xml version="1.0" encoding="UTF-8"?>
<!-- Generated by org.testng.reporters.JUnitReportReporter -->
<testsuite hostname="HASSEN-HP" failures="0" tests="1" name="org.tmb.tests.HomepageTests" time="21.782" errors="0" timestamp="2022-08-26T13:34:03 EDT" skipped="0">
  <testcase classname="org.tmb.tests.HomepageTests" name="test2" time="21.782"/>
  <system-out/>
</testsuite> <!-- org.tmb.tests.HomepageTests -->
