<?xml version="1.0" encoding="UTF-8"?>
<!-- Generated by org.testng.reporters.JUnitReportReporter -->
<testsuite hostname="HASSEN-HP" failures="0" tests="1" name="com.tmb.dataprovider.ReadExcelFile" time="0.000" errors="0" timestamp="2022-09-02T16:55:05 EDT" skipped="1">
  <testcase classname="com.tmb.dataprovider.ReadExcelFile" name="testWithExcel" time="0.000">
    <skipped/>
  </testcase> <!-- testWithExcel -->
  <system-out/>
</testsuite> <!-- com.tmb.dataprovider.ReadExcelFile -->
