<?xml version="1.0" encoding="UTF-8"?>
<!-- Generated by org.testng.reporters.JUnitReportReporter -->
<testsuite hostname="HASSEN-HP" failures="0" tests="3" name="com.tmb.dataprovider.DataProviderWithExcel" time="0.178" errors="0" timestamp="2022-08-29T17:34:01 EDT" skipped="0">
  <testcase classname="com.tmb.dataprovider.DataProviderWithExcel" name="testWithExcelAndTable" time="0.055"/>
  <system-out/>
  <testcase classname="com.tmb.dataprovider.DataProviderWithExcel" name="testWithExcelAndTable" time="0.065"/>
  <system-out/>
  <testcase classname="com.tmb.dataprovider.DataProviderWithExcel" name="testWithExcelAndTable" time="0.058"/>
  <system-out/>
</testsuite> <!-- com.tmb.dataprovider.DataProviderWithExcel -->
