<?xml version="1.0" encoding="UTF-8"?>
<!-- Generated by org.testng.reporters.JUnitReportReporter -->
<testsuite hostname="HASSEN-HP" failures="0" tests="5" name="com.tmb.dataprovider.DataProviderAdvanced" time="0.029" errors="0" timestamp="2022-08-29T19:26:19 EDT" skipped="0">
  <testcase classname="com.tmb.dataprovider.DataProviderAdvanced" name="test2" time="0.003"/>
  <system-out/>
  <testcase classname="com.tmb.dataprovider.DataProviderAdvanced" name="test1" time="0.017"/>
  <system-out/>
  <testcase classname="com.tmb.dataprovider.DataProviderAdvanced" name="test1" time="0.003"/>
  <system-out/>
  <testcase classname="com.tmb.dataprovider.DataProviderAdvanced" name="test2" time="0.003"/>
  <system-out/>
  <testcase classname="com.tmb.dataprovider.DataProviderAdvanced" name="test1" time="0.003"/>
  <system-out/>
</testsuite> <!-- com.tmb.dataprovider.DataProviderAdvanced -->
