<?xml version="1.0" encoding="UTF-8"?>
<!-- Generated by org.testng.reporters.JUnitReportReporter -->
<testsuite hostname="HASSEN-HP" failures="0" tests="1" name="com.tmb.selenoid.tests.RunFirefoxTestInSelenoid" time="29.835" errors="0" timestamp="2022-09-22T11:54:10 EDT" skipped="0">
  <testcase classname="com.tmb.selenoid.tests.RunFirefoxTestInSelenoid" name="test1" time="29.835"/>
  <system-out/>
</testsuite> <!-- com.tmb.selenoid.tests.RunFirefoxTestInSelenoid -->
