<?xml version="1.0" encoding="UTF-8"?>
<!-- Generated by org.testng.reporters.JUnitReportReporter -->
<testsuite hostname="HASSEN-HP" failures="0" tests="1" name="org.tmb.tests.SimpleTest" time="53.206" errors="0" timestamp="2022-08-29T13:23:52 EDT" skipped="0">
  <testcase classname="org.tmb.tests.SimpleTest" name="verifyTest" time="53.206"/>
  <system-out/>
</testsuite> <!-- org.tmb.tests.SimpleTest -->
