<?xml version="1.0" encoding="UTF-8"?>
<!-- Generated by org.testng.reporters.JUnitReportReporter -->
<testsuite hostname="HASSEN-HP" failures="0" tests="1" name="org.tmb.tests.LoginpageTests" time="58.866" errors="0" timestamp="2022-08-26T15:13:28 EDT" skipped="0">
  <testcase classname="org.tmb.tests.LoginpageTests" name="test1" time="58.866"/>
  <system-out/>
</testsuite> <!-- org.tmb.tests.LoginpageTests -->
